----------------------------------------------------------------
Wed Apr 24 23:19:07 IST 2024:
Booting Derby version The Apache Software Foundation - Apache Derby - 10.16.1.1 - (1901046): instance a816c00e-018f-1139-bb77-000004fa25e8 
on database directory memory:/Users/yashisinghchouhan/Documents/workspace-spring-tool-suite-4-4.21.0.RELEASE/Todo-app-new/41692067-e7d4-4809-84a5-575da9868b44 with class loader jdk.internal.loader.ClassLoaders$AppClassLoader@251a69d7 
Loaded from file:/Users/yashisinghchouhan/.m2/repository/org/apache/derby/derby/10.16.1.1/derby-10.16.1.1.jar
java.vendor=Amazon.com Inc.
java.runtime.version=17.0.9+8-LTS
user.dir=/Users/yashisinghchouhan/Documents/workspace-spring-tool-suite-4-4.21.0.RELEASE/Todo-app-new
os.name=Mac OS X
os.arch=aarch64
os.version=14.2
derby.system.home=null
Database Class Loader started - derby.database.classpath=''
----------------------------------------------------------------
Thu Apr 25 22:22:02 IST 2024:
Shutting down instance a816c00e-018f-1139-bb77-000004fa25e8 on database directory memory:/Users/yashisinghchouhan/Documents/workspace-spring-tool-suite-4-4.21.0.RELEASE/Todo-app-new/41692067-e7d4-4809-84a5-575da9868b44 with class loader jdk.internal.loader.ClassLoaders$AppClassLoader@251a69d7 
----------------------------------------------------------------
Thu Apr 25 22:22:03 IST 2024:
Booting Derby version The Apache Software Foundation - Apache Derby - 10.16.1.1 - (1901046): instance e66540fa-018f-1139-bb77-000004fa25e8 
on database directory memory:/Users/yashisinghchouhan/Documents/workspace-spring-tool-suite-4-4.21.0.RELEASE/Todo-app-new/019f5307-8b99-4280-8e3d-78dc9ea37429 with class loader jdk.internal.loader.ClassLoaders$AppClassLoader@251a69d7 
Loaded from file:/Users/yashisinghchouhan/.m2/repository/org/apache/derby/derby/10.16.1.1/derby-10.16.1.1.jar
java.vendor=Amazon.com Inc.
java.runtime.version=17.0.9+8-LTS
user.dir=/Users/yashisinghchouhan/Documents/workspace-spring-tool-suite-4-4.21.0.RELEASE/Todo-app-new
os.name=Mac OS X
os.arch=aarch64
os.version=14.2
derby.system.home=null
Database Class Loader started - derby.database.classpath=''
----------------------------------------------------------------
Thu Apr 25 22:22:55 IST 2024:
Shutting down instance e66540fa-018f-1139-bb77-000004fa25e8 on database directory memory:/Users/yashisinghchouhan/Documents/workspace-spring-tool-suite-4-4.21.0.RELEASE/Todo-app-new/019f5307-8b99-4280-8e3d-78dc9ea37429 with class loader jdk.internal.loader.ClassLoaders$AppClassLoader@251a69d7 
----------------------------------------------------------------
Thu Apr 25 22:22:56 IST 2024:
Booting Derby version The Apache Software Foundation - Apache Derby - 10.16.1.1 - (1901046): instance 5b17c1e6-018f-1139-bb77-000004fa25e8 
on database directory memory:/Users/yashisinghchouhan/Documents/workspace-spring-tool-suite-4-4.21.0.RELEASE/Todo-app-new/0e220c28-54f3-4c1d-aa59-6ccd499a808c with class loader jdk.internal.loader.ClassLoaders$AppClassLoader@251a69d7 
Loaded from file:/Users/yashisinghchouhan/.m2/repository/org/apache/derby/derby/10.16.1.1/derby-10.16.1.1.jar
java.vendor=Amazon.com Inc.
java.runtime.version=17.0.9+8-LTS
user.dir=/Users/yashisinghchouhan/Documents/workspace-spring-tool-suite-4-4.21.0.RELEASE/Todo-app-new
os.name=Mac OS X
os.arch=aarch64
os.version=14.2
derby.system.home=null
Database Class Loader started - derby.database.classpath=''
----------------------------------------------------------------
Thu Apr 25 22:56:58 IST 2024:
Shutting down instance 5b17c1e6-018f-1139-bb77-000004fa25e8 on database directory memory:/Users/yashisinghchouhan/Documents/workspace-spring-tool-suite-4-4.21.0.RELEASE/Todo-app-new/0e220c28-54f3-4c1d-aa59-6ccd499a808c with class loader jdk.internal.loader.ClassLoaders$AppClassLoader@251a69d7 
----------------------------------------------------------------
Thu Apr 25 22:56:59 IST 2024:
Booting Derby version The Apache Software Foundation - Apache Derby - 10.16.1.1 - (1901046): instance 062e42d2-018f-1139-bb77-000004fa25e8 
on database directory memory:/Users/yashisinghchouhan/Documents/workspace-spring-tool-suite-4-4.21.0.RELEASE/Todo-app-new/a04d17f3-f167-4a04-84e7-d195928afc18 with class loader jdk.internal.loader.ClassLoaders$AppClassLoader@251a69d7 
Loaded from file:/Users/yashisinghchouhan/.m2/repository/org/apache/derby/derby/10.16.1.1/derby-10.16.1.1.jar
java.vendor=Amazon.com Inc.
java.runtime.version=17.0.9+8-LTS
user.dir=/Users/yashisinghchouhan/Documents/workspace-spring-tool-suite-4-4.21.0.RELEASE/Todo-app-new
os.name=Mac OS X
os.arch=aarch64
os.version=14.2
derby.system.home=null
Database Class Loader started - derby.database.classpath=''
----------------------------------------------------------------
Thu Apr 25 22:58:00 IST 2024:
Shutting down instance 062e42d2-018f-1139-bb77-000004fa25e8 on database directory memory:/Users/yashisinghchouhan/Documents/workspace-spring-tool-suite-4-4.21.0.RELEASE/Todo-app-new/a04d17f3-f167-4a04-84e7-d195928afc18 with class loader jdk.internal.loader.ClassLoaders$AppClassLoader@251a69d7 
----------------------------------------------------------------
Thu Apr 25 22:58:00 IST 2024:
Booting Derby version The Apache Software Foundation - Apache Derby - 10.16.1.1 - (1901046): instance e7a8c3be-018f-1139-bb77-000004fa25e8 
on database directory memory:/Users/yashisinghchouhan/Documents/workspace-spring-tool-suite-4-4.21.0.RELEASE/Todo-app-new/9b2e39d1-1037-4268-bda0-dc92ec459a54 with class loader jdk.internal.loader.ClassLoaders$AppClassLoader@251a69d7 
Loaded from file:/Users/yashisinghchouhan/.m2/repository/org/apache/derby/derby/10.16.1.1/derby-10.16.1.1.jar
java.vendor=Amazon.com Inc.
java.runtime.version=17.0.9+8-LTS
user.dir=/Users/yashisinghchouhan/Documents/workspace-spring-tool-suite-4-4.21.0.RELEASE/Todo-app-new
os.name=Mac OS X
os.arch=aarch64
os.version=14.2
derby.system.home=null
Database Class Loader started - derby.database.classpath=''
----------------------------------------------------------------
Thu Apr 25 23:06:13 IST 2024:
Shutting down instance e7a8c3be-018f-1139-bb77-000004fa25e8 on database directory memory:/Users/yashisinghchouhan/Documents/workspace-spring-tool-suite-4-4.21.0.RELEASE/Todo-app-new/9b2e39d1-1037-4268-bda0-dc92ec459a54 with class loader jdk.internal.loader.ClassLoaders$AppClassLoader@251a69d7 
----------------------------------------------------------------
Thu Apr 25 23:06:14 IST 2024:
Booting Derby version The Apache Software Foundation - Apache Derby - 10.16.1.1 - (1901046): instance ff8744aa-018f-1139-bb77-000004fa25e8 
on database directory memory:/Users/yashisinghchouhan/Documents/workspace-spring-tool-suite-4-4.21.0.RELEASE/Todo-app-new/310ce0a7-7a93-44be-ba60-3f197ec81cbd with class loader jdk.internal.loader.ClassLoaders$AppClassLoader@251a69d7 
Loaded from file:/Users/yashisinghchouhan/.m2/repository/org/apache/derby/derby/10.16.1.1/derby-10.16.1.1.jar
java.vendor=Amazon.com Inc.
java.runtime.version=17.0.9+8-LTS
user.dir=/Users/yashisinghchouhan/Documents/workspace-spring-tool-suite-4-4.21.0.RELEASE/Todo-app-new
os.name=Mac OS X
os.arch=aarch64
os.version=14.2
derby.system.home=null
Database Class Loader started - derby.database.classpath=''
----------------------------------------------------------------
Sat Apr 27 11:17:37 IST 2024:
Shutting down instance ff8744aa-018f-1139-bb77-000004fa25e8 on database directory memory:/Users/yashisinghchouhan/Documents/workspace-spring-tool-suite-4-4.21.0.RELEASE/Todo-app-new/310ce0a7-7a93-44be-ba60-3f197ec81cbd with class loader jdk.internal.loader.ClassLoaders$AppClassLoader@251a69d7 
----------------------------------------------------------------
Sat Apr 27 11:17:37 IST 2024:
Booting Derby version The Apache Software Foundation - Apache Derby - 10.16.1.1 - (1901046): instance 4dc9c596-018f-1139-bb77-000004fa25e8 
on database directory memory:/Users/yashisinghchouhan/Documents/workspace-spring-tool-suite-4-4.21.0.RELEASE/Todo-app-new/1166399a-4957-4317-9605-9edca23a00c8 with class loader jdk.internal.loader.ClassLoaders$AppClassLoader@251a69d7 
Loaded from file:/Users/yashisinghchouhan/.m2/repository/org/apache/derby/derby/10.16.1.1/derby-10.16.1.1.jar
java.vendor=Amazon.com Inc.
java.runtime.version=17.0.9+8-LTS
user.dir=/Users/yashisinghchouhan/Documents/workspace-spring-tool-suite-4-4.21.0.RELEASE/Todo-app-new
os.name=Mac OS X
os.arch=aarch64
os.version=14.2
derby.system.home=null
Database Class Loader started - derby.database.classpath=''
----------------------------------------------------------------
Sat Apr 27 11:21:27 IST 2024:
Shutting down instance 4dc9c596-018f-1139-bb77-000004fa25e8 on database directory memory:/Users/yashisinghchouhan/Documents/workspace-spring-tool-suite-4-4.21.0.RELEASE/Todo-app-new/1166399a-4957-4317-9605-9edca23a00c8 with class loader jdk.internal.loader.ClassLoaders$AppClassLoader@251a69d7 
----------------------------------------------------------------
Sat Apr 27 11:21:27 IST 2024:
Booting Derby version The Apache Software Foundation - Apache Derby - 10.16.1.1 - (1901046): instance d2704682-018f-1139-bb77-000004fa25e8 
on database directory memory:/Users/yashisinghchouhan/Documents/workspace-spring-tool-suite-4-4.21.0.RELEASE/Todo-app-new/7abf70ec-b1f3-43c9-b286-0565ecee1d15 with class loader jdk.internal.loader.ClassLoaders$AppClassLoader@251a69d7 
Loaded from file:/Users/yashisinghchouhan/.m2/repository/org/apache/derby/derby/10.16.1.1/derby-10.16.1.1.jar
java.vendor=Amazon.com Inc.
java.runtime.version=17.0.9+8-LTS
user.dir=/Users/yashisinghchouhan/Documents/workspace-spring-tool-suite-4-4.21.0.RELEASE/Todo-app-new
os.name=Mac OS X
os.arch=aarch64
os.version=14.2
derby.system.home=null
Database Class Loader started - derby.database.classpath=''
